<?xml version="1.0" encoding="UTF-8"?>
<testng-results ignored="0" total="1" passed="1" failed="0" skipped="0">
  <reporter-output>
  </reporter-output>
  <suite started-at="2022-01-06T12:50:47 IST" name="example suite 1" finished-at="2022-01-06T12:50:49 IST" duration-ms="1895">
    <groups>
    </groups>
    <test started-at="2022-01-06T12:50:47 IST" name="Regression suite 1" finished-at="2022-01-06T12:50:49 IST" duration-ms="1895">
      <class name="com.test.NewTest">
        <test-method signature="f()[pri:0, instance:com.test.NewTest@1a052a00]" started-at="2022-01-06T12:50:47 IST" name="f" finished-at="2022-01-06T12:50:49 IST" duration-ms="1885" status="PASS">
          <reporter-output>
          </reporter-output>
        </test-method> <!-- f -->
      </class> <!-- com.test.NewTest -->
    </test> <!-- Regression suite 1 -->
  </suite> <!-- example suite 1 -->
</testng-results>
