<?xml version="1.0" encoding="UTF-8"?>
<testng-results skipped="0" failed="0" ignored="0" total="1" passed="1">
  <reporter-output>
  </reporter-output>
  <suite name="example suite 1" duration-ms="6776" started-at="2022-01-06T16:51:34 IST" finished-at="2022-01-06T16:51:41 IST">
    <groups>
    </groups>
    <test name="Regression suite 1" duration-ms="6776" started-at="2022-01-06T16:51:34 IST" finished-at="2022-01-06T16:51:41 IST">
      <class name="com.test.NewTest">
        <test-method status="PASS" signature="f()[pri:0, instance:com.test.NewTest@20322d26]" name="f" duration-ms="6727" started-at="2022-01-06T16:51:34 IST" finished-at="2022-01-06T16:51:41 IST">
          <reporter-output>
          </reporter-output>
        </test-method> <!-- f -->
      </class> <!-- com.test.NewTest -->
    </test> <!-- Regression suite 1 -->
  </suite> <!-- example suite 1 -->
</testng-results>
